<?xml version="1.0" encoding="UTF-8"?>
<!-- Generated by org.testng.reporters.JUnitReportReporter -->
<testsuite hostname="Mukesh" name="UnitTests.TestConfig" tests="2" failures="0" timestamp="21 Jun 2015 14:14:46 GMT" time="2.207" errors="0">
  <testcase name="testco" time="0.009" classname="UnitTests.TestConfig"/>
  <testcase name="testExcel" time="2.198" classname="UnitTests.TestConfig"/>
</testsuite> <!-- UnitTests.TestConfig -->
