<?xml version="1.0" encoding="UTF-8"?>
<!-- Generated by org.testng.reporters.JUnitReportReporter -->
<testsuite hostname="Mukesh" name="testngDemo.Test123" tests="2" failures="0" timestamp="6 Jun 2015 18:15:12 GMT" time="0.068" errors="0">
  <testcase name="test1" time="0.067" classname="testngDemo.Test123"/>
  <testcase name="test2" time="0.001" classname="testngDemo.Test123"/>
</testsuite> <!-- testngDemo.Test123 -->
