<?xml version="1.0" encoding="UTF-8"?>
<!-- Generated by org.testng.reporters.JUnitReportReporter -->
<testsuite hostname="Mukesh" name="javabasic.verifyTitle" tests="1" failures="0" timestamp="27 Jun 2015 19:41:06 GMT" time="10.216" errors="0">
  <testcase name="getTitlePage" time="10.216" classname="javabasic.verifyTitle"/>
</testsuite> <!-- javabasic.verifyTitle -->
